<?xml version="1.0" encoding="UTF-8"?>
<testsuites tests="1" failures="1" disabled="0" errors="0" timestamp="2025-11-13T00:31:40" time="0" name="AllTests">
  <testsuite name="BeapTest" tests="1" failures="1" disabled="0" errors="0" time="0">
    <testcase name="PopMaintainsBeapProperty" status="run" time="0" classname="BeapTest">
      <failure message="C:\Users\Alonso\Code\Dissertation\DissertationTests\beap_test.cpp:92&#x0A;Expected equality of these values:&#x0A;  beap.container[0]&#x0A;    Which is: 7&#x0A;  5" type=""><![CDATA[C:\Users\Alonso\Code\Dissertation\DissertationTests\beap_test.cpp:92
Expected equality of these values:
  beap.container[0]
    Which is: 7
  5]]></failure>
    </testcase>
  </testsuite>
</testsuites>
